<?xml version="1.0" encoding="UTF-8"?><testrun name="Runner (2)" project="Search" tests="12" started="12" failures="2" errors="0" ignored="0">
  <testsuite name="com.Springer.StepDefs.Runner" time="174.102">
    <testsuite name="Feature: Springer Search Functionality Test" time="174.102">
      <testsuite name="Scenario Outline: Search the Valid article keyword" time="174.102">
        <testsuite name="Examples:" time="174.102">
          <testsuite name="| fever | yes |" time="59.161">
            <testcase name="Given I am in search page" classname="| fever | yes |" time="0.252"/>
            <testcase name="When I enter fever in search text box" classname="| fever | yes |" time="0.255"/>
            <testcase name="And Click on Search button" classname="| fever | yes |" time="58.652"/>
            <testcase name="Then I can see the yes list of results" classname="| fever | yes |" time="0.002"/>
          </testsuite>
          <testsuite name="| 2017 | no |" time="56.265">
            <testcase name="Given I am in search page" classname="| 2017 | no |" time="0.228"/>
            <testcase name="When I enter 2017 in search text box" classname="| 2017 | no |" time="0.247"/>
            <testcase name="And Click on Search button" classname="| 2017 | no |" time="53.146"/>
            <testcase name="Then I can see the no list of results" classname="| 2017 | no |" time="2.644"/>
          </testsuite>
          <testsuite name="| 71837293710 | no |" time="36.392" incomplete="true">
            <failure>java.lang.AssertionError: Results not found&#13;
	at org.junit.Assert.fail(Assert.java:88)&#13;
	at org.junit.Assert.assertTrue(Assert.java:41)&#13;
	at com.Springer.StepDefs.SearchSteps.i_can_see_the_list_of_results(SearchSteps.java:49)&#13;
	at ✽.Then I can see the no list of results(Search.feature:11)&#13;
&#13;
</failure>
            <testcase name="Given I am in search page" classname="| 71837293710 | no |" time="0.29"/>
            <testcase name="When I enter 71837293710 in search text box" classname="| 71837293710 | no |" time="0.192"/>
            <testcase name="And Click on Search button" classname="| 71837293710 | no |" time="35.886"/>
            <testcase name="Then I can see the no list of results" classname="| 71837293710 | no |" time="0.024">
              <failure>java.lang.AssertionError: Results not found&#13;
	at org.junit.Assert.fail(Assert.java:88)&#13;
	at org.junit.Assert.assertTrue(Assert.java:41)&#13;
	at com.Springer.StepDefs.SearchSteps.i_can_see_the_list_of_results(SearchSteps.java:49)&#13;
	at ✽.Then I can see the no list of results(Search.feature:11)&#13;
&#13;
</failure>
            </testcase>
          </testsuite>
        </testsuite>
      </testsuite>
    </testsuite>
  </testsuite>
</testrun>
